<?xml version="1.0" encoding="UTF-8"?>
<coverage generated="1648717660878" clover="3.2.0">
  <project timestamp="1648717660878" name="All files">
    <metrics statements="11" coveredstatements="11" conditionals="10" coveredconditionals="10" methods="2" coveredmethods="2" elements="23" coveredelements="23" complexity="0" loc="11" ncloc="11" packages="1" files="1" classes="1"/>
    <file name="home.js" path="C:\Users\kmwenga\Documents\APP4080 PROJECTS\cloned projects\nodeproject1\public\js\home.js">
      <metrics statements="11" coveredstatements="11" conditionals="10" coveredconditionals="10" methods="2" coveredmethods="2"/>
      <line num="2" count="2" type="stmt"/>
      <line num="3" count="2" type="stmt"/>
      <line num="4" count="2" type="stmt"/>
      <line num="8" count="6" type="cond" truecount="2" falsecount="0"/>
      <line num="9" count="3" type="stmt"/>
      <line num="10" count="3" type="cond" truecount="4" falsecount="0"/>
      <line num="11" count="1" type="stmt"/>
      <line num="12" count="2" type="cond" truecount="4" falsecount="0"/>
      <line num="13" count="1" type="stmt"/>
      <line num="16" count="1" type="stmt"/>
      <line num="20" count="1" type="stmt"/>
    </file>
  </project>
</coverage>
