{"C:\\Users\\kmwenga\\Documents\\APP4080 PROJECTS\\cloned projects\\nodeproject1\\index.js": {"path":"C:\\Users\\kmwenga\\Documents\\APP4080 PROJECTS\\cloned projects\\nodeproject1\\index.js","statementMap":{"0":{"start":{"line":1,"column":16},"end":{"line":1,"column":34}},"1":{"start":{"line":2,"column":12},"end":{"line":2,"column":21}},"2":{"start":{"line":3,"column":13},"end":{"line":3,"column":37}},"3":{"start":{"line":4,"column":11},"end":{"line":4,"column":24}},"4":{"start":{"line":5,"column":17},"end":{"line":5,"column":27}},"5":{"start":{"line":7,"column":19},"end":{"line":7,"column":41}},"6":{"start":{"line":8,"column":25},"end":{"line":8,"column":65}},"7":{"start":{"line":11,"column":14},"end":{"line":11,"column":39}},"8":{"start":{"line":12,"column":11},"end":{"line":12,"column":30}},"9":{"start":{"line":14,"column":0},"end":{"line":14,"column":25}},"10":{"start":{"line":15,"column":0},"end":{"line":15,"column":30}},"11":{"start":{"line":16,"column":0},"end":{"line":16,"column":34}},"12":{"start":{"line":18,"column":0},"end":{"line":20,"column":3}},"13":{"start":{"line":19,"column":4},"end":{"line":19,"column":28}},"14":{"start":{"line":22,"column":0},"end":{"line":25,"column":3}},"15":{"start":{"line":23,"column":4},"end":{"line":23,"column":52}},"16":{"start":{"line":23,"column":24},"end":{"line":23,"column":50}},"17":{"start":{"line":24,"column":4},"end":{"line":24,"column":24}},"18":{"start":{"line":27,"column":0},"end":{"line":45,"column":3}},"19":{"start":{"line":28,"column":15},"end":{"line":28,"column":28}},"20":{"start":{"line":29,"column":17},"end":{"line":29,"column":32}},"21":{"start":{"line":32,"column":12},"end":{"line":37,"column":13}},"22":{"start":{"line":38,"column":12},"end":{"line":38,"column":28}},"23":{"start":{"line":39,"column":12},"end":{"line":39,"column":70}},"24":{"start":{"line":41,"column":12},"end":{"line":41,"column":64}},"25":{"start":{"line":43,"column":12},"end":{"line":43,"column":45}},"26":{"start":{"line":47,"column":4},"end":{"line":47,"column":34}},"27":{"start":{"line":49,"column":0},"end":{"line":49,"column":29}},"28":{"start":{"line":50,"column":0},"end":{"line":50,"column":17}},"29":{"start":{"line":51,"column":0},"end":{"line":51,"column":48}},"30":{"start":{"line":52,"column":0},"end":{"line":52,"column":48}}},"fnMap":{"0":{"name":"(anonymous_0)","decl":{"start":{"line":18,"column":13},"end":{"line":18,"column":14}},"loc":{"start":{"line":18,"column":40},"end":{"line":20,"column":1}},"line":18},"1":{"name":"(anonymous_1)","decl":{"start":{"line":22,"column":25},"end":{"line":22,"column":26}},"loc":{"start":{"line":22,"column":54},"end":{"line":25,"column":1}},"line":22},"2":{"name":"(anonymous_2)","decl":{"start":{"line":23,"column":14},"end":{"line":23,"column":15}},"loc":{"start":{"line":23,"column":24},"end":{"line":23,"column":50}},"line":23},"3":{"name":"(anonymous_3)","decl":{"start":{"line":27,"column":44},"end":{"line":27,"column":45}},"loc":{"start":{"line":27,"column":71},"end":{"line":45,"column":1}},"line":27},"4":{"name":"calculate","decl":{"start":{"line":46,"column":9},"end":{"line":46,"column":18}},"loc":{"start":{"line":46,"column":34},"end":{"line":48,"column":1}},"line":46}},"branchMap":{"0":{"loc":{"start":{"line":3,"column":13},"end":{"line":3,"column":37}},"type":"binary-expr","locations":[{"start":{"line":3,"column":13},"end":{"line":3,"column":29}},{"start":{"line":3,"column":33},"end":{"line":3,"column":37}}],"line":3},"1":{"loc":{"start":{"line":23,"column":24},"end":{"line":23,"column":50}},"type":"cond-expr","locations":[{"start":{"line":23,"column":44},"end":{"line":23,"column":45}},{"start":{"line":23,"column":48},"end":{"line":23,"column":50}}],"line":23}},"s":{"0":1,"1":1,"2":1,"3":1,"4":1,"5":1,"6":1,"7":1,"8":1,"9":1,"10":1,"11":1,"12":1,"13":0,"14":1,"15":0,"16":0,"17":0,"18":1,"19":0,"20":0,"21":0,"22":0,"23":0,"24":0,"25":0,"26":2,"27":1,"28":1,"29":1,"30":1},"f":{"0":0,"1":0,"2":0,"3":0,"4":2},"b":{"0":[1,1],"1":[0,0]},"_coverageSchema":"1a1c01bbd47fc00a2c39e90264f33305004495a9","hash":"0919b5e70bdcc4602a705f5d8204e4f1f3ad80fb"}
}
