{"C:\\Users\\kmwenga\\Documents\\APP4080 PROJECTS\\cloned projects\\nodeproject1\\public\\js\\home.js": {"path":"C:\\Users\\kmwenga\\Documents\\APP4080 PROJECTS\\cloned projects\\nodeproject1\\public\\js\\home.js","statementMap":{"0":{"start":{"line":2,"column":18},"end":{"line":2,"column":42}},"1":{"start":{"line":3,"column":4},"end":{"line":3,"column":21}},"2":{"start":{"line":4,"column":3},"end":{"line":4,"column":17}},"3":{"start":{"line":8,"column":4},"end":{"line":17,"column":5}},"4":{"start":{"line":9,"column":9},"end":{"line":9,"column":31}},"5":{"start":{"line":10,"column":10},"end":{"line":17,"column":5}},"6":{"start":{"line":11,"column":8},"end":{"line":11,"column":31}},"7":{"start":{"line":12,"column":10},"end":{"line":17,"column":5}},"8":{"start":{"line":13,"column":8},"end":{"line":13,"column":29}},"9":{"start":{"line":16,"column":8},"end":{"line":16,"column":23}},"10":{"start":{"line":20,"column":0},"end":{"line":20,"column":39}}},"fnMap":{"0":{"name":"calculate","decl":{"start":{"line":1,"column":9},"end":{"line":1,"column":18}},"loc":{"start":{"line":1,"column":34},"end":{"line":5,"column":1}},"line":1},"1":{"name":"diagnose","decl":{"start":{"line":7,"column":9},"end":{"line":7,"column":17}},"loc":{"start":{"line":7,"column":25},"end":{"line":18,"column":1}},"line":7}},"branchMap":{"0":{"loc":{"start":{"line":8,"column":4},"end":{"line":17,"column":5}},"type":"if","locations":[{"start":{"line":8,"column":4},"end":{"line":17,"column":5}},{"start":{"line":10,"column":10},"end":{"line":17,"column":5}}],"line":8},"1":{"loc":{"start":{"line":10,"column":10},"end":{"line":17,"column":5}},"type":"if","locations":[{"start":{"line":10,"column":10},"end":{"line":17,"column":5}},{"start":{"line":12,"column":10},"end":{"line":17,"column":5}}],"line":10},"2":{"loc":{"start":{"line":10,"column":13},"end":{"line":10,"column":43}},"type":"binary-expr","locations":[{"start":{"line":10,"column":13},"end":{"line":10,"column":26}},{"start":{"line":10,"column":30},"end":{"line":10,"column":43}}],"line":10},"3":{"loc":{"start":{"line":12,"column":10},"end":{"line":17,"column":5}},"type":"if","locations":[{"start":{"line":12,"column":10},"end":{"line":17,"column":5}},{"start":{"line":15,"column":8},"end":{"line":17,"column":5}}],"line":12},"4":{"loc":{"start":{"line":12,"column":13},"end":{"line":12,"column":42}},"type":"binary-expr","locations":[{"start":{"line":12,"column":13},"end":{"line":12,"column":25}},{"start":{"line":12,"column":29},"end":{"line":12,"column":42}}],"line":12}},"s":{"0":2,"1":2,"2":2,"3":6,"4":3,"5":3,"6":1,"7":2,"8":1,"9":1,"10":1},"f":{"0":2,"1":6},"b":{"0":[3,3],"1":[1,2],"2":[3,3],"3":[1,1],"4":[2,2]},"_coverageSchema":"1a1c01bbd47fc00a2c39e90264f33305004495a9","hash":"603e5c51de7a4d36e15acce8abc854af0688a429"}
}
